[2026-04-24 19:45:45] [INFO] ========== Web Server Performance Tuner ==========
[2026-04-24 19:45:45] [INFO] Tuning Nginx...
[2026-04-24 19:45:50] [INFO] Tuning Apache...
[2026-04-24 19:45:50] [INFO] Testing and applying configurations...
[2026-04-24 19:45:50] [INFO] ❌ Configuration test failed. Reverting...
[2026-04-24 19:45:58] [INFO] ========== Web Server Performance Tuner ==========
[2026-04-24 19:45:58] [INFO] Tuning Nginx...
[2026-04-24 19:45:58] [INFO] Tuning Apache...
[2026-04-24 19:45:58] [INFO] Testing and applying configurations...
[2026-04-24 19:45:59] [INFO] ❌ Configuration test failed. Reverting...
[2026-04-24 19:46:57] [INFO] ========== Web Server Performance Tuner ==========
[2026-04-24 19:46:57] [INFO] Tuning Nginx...
[2026-04-24 19:46:57] [INFO] Tuning Apache...
[2026-04-24 19:46:57] [INFO] Testing and applying configurations...
[2026-04-24 19:46:58] [INFO] ✓ Optimizations successfully applied to both servers.
[2026-04-27 19:15:17] [INFO] ========== Web Server Performance Tuner ==========
[2026-04-27 19:15:17] [INFO] Tuning Nginx...
[2026-04-27 19:15:17] [INFO] Tuning Apache...
[2026-04-27 19:15:18] [INFO] Testing and applying configurations...
[2026-04-27 19:15:18] [INFO] ✓ Optimizations successfully applied to both servers.
