Web Server Health Check - 2026-04-24 18:14:47
==============================================
Nginx:
  ✓ Service: Active and running
  ✓ Port 80: Listening
  ✓ Port 443: Listening
  ✓ Response time: 0ms
  ✓ Active connections: 0/1024
  ✓ Error log: Parsed successfully

Apache:
  ✓ Service: Active and running
  ✓ Port 8080: Listening
  ✓ Response time: 0ms
  ✓ Active workers: Monitored
  ✓ Error log: No critical errors

Upstream Backends (Load Balancer Targets):
  ✓ 127.0.0.1:3001 - UP (
0ms)
  ✓ 127.0.0.1:3002 - UP (
0ms)
  ✓ 127.0.0.1:3003 - UP (
0ms)

Status: All backends healthy.
==============================================
