[18:07:00] [INFO] System Disk Usage: 43%
[18:07:00] [INFO] --- PostgreSQL Health ---
[18:07:00] [INFO] Service: UP
[18:07:09] [INFO] Connections: 6 / 100
[18:07:09] [INFO] Database 'testdb' Size: 7567 kB
[18:07:09] [INFO] --- MySQL Health ---
[18:07:09] [INFO] Service: UP
[18:07:09] [INFO] Connections: 1 / 150
[18:07:09] [INFO] --- MongoDB Health ---
[18:07:09] [INFO] Service: UP
[18:07:10] [INFO] Active Connections: 4
[18:07:10] [INFO] Database 'appdb' Data Size: 0MB
[18:35:01] [INFO] System Disk Usage: 43%
[18:35:01] [INFO] --- PostgreSQL Health ---
[18:35:01] [INFO] Service: UP
[18:35:01] [INFO] Connections: 6 / 100
[18:35:01] [INFO] Database 'testdb' Size: 7679 kB
[18:35:01] [INFO] --- MySQL Health ---
[18:35:01] [INFO] Service: UP
[18:35:01] [INFO] Connections: 1 / 150
[18:35:01] [INFO] --- MongoDB Health ---
[18:35:01] [INFO] Service: UP
[18:35:01] [INFO] Active Connections: 4
[18:35:02] [INFO] Database 'appdb' Data Size: 0MB
[18:40:01] [INFO] System Disk Usage: 43%
[18:40:01] [INFO] --- PostgreSQL Health ---
[18:40:01] [INFO] Service: UP
[18:40:01] [INFO] Connections: 6 / 100
[18:40:01] [INFO] Database 'testdb' Size: 7679 kB
[18:40:01] [INFO] --- MySQL Health ---
[18:40:01] [INFO] Service: UP
[18:40:01] [INFO] Connections: 1 / 150
[18:40:01] [INFO] --- MongoDB Health ---
[18:40:01] [INFO] Service: UP
[18:40:01] [INFO] Active Connections: 4
[18:40:02] [INFO] Database 'appdb' Data Size: 0MB
[18:45:01] [INFO] System Disk Usage: 43%
[18:45:01] [INFO] --- PostgreSQL Health ---
[18:45:01] [INFO] Service: UP
[18:45:01] [INFO] Connections: 6 / 100
[18:45:01] [INFO] Database 'testdb' Size: 7679 kB
[18:45:01] [INFO] --- MySQL Health ---
[18:45:01] [INFO] Service: UP
[18:45:01] [INFO] Connections: 1 / 150
[18:45:01] [INFO] --- MongoDB Health ---
[18:45:01] [INFO] Service: UP
[18:45:01] [INFO] Active Connections: 4
[18:45:02] [INFO] Database 'appdb' Data Size: 0MB
[18:50:01] [INFO] System Disk Usage: 43%
[18:50:01] [INFO] --- PostgreSQL Health ---
[18:50:01] [INFO] Service: UP
[18:50:01] [INFO] Connections: 6 / 100
[18:50:01] [INFO] Database 'testdb' Size: 7679 kB
[18:50:01] [INFO] --- MySQL Health ---
[18:50:01] [INFO] Service: UP
[18:50:01] [INFO] Connections: 1 / 150
[18:50:01] [INFO] --- MongoDB Health ---
[18:50:01] [INFO] Service: UP
[18:50:01] [INFO] Active Connections: 4
[18:50:02] [INFO] Database 'appdb' Data Size: 0MB
[18:55:01] [INFO] System Disk Usage: 43%
[18:55:01] [INFO] --- PostgreSQL Health ---
[18:55:01] [INFO] Service: UP
[18:55:01] [INFO] Connections: 6 / 100
[18:55:01] [INFO] Database 'testdb' Size: 7679 kB
[18:55:01] [INFO] --- MySQL Health ---
[18:55:01] [INFO] Service: UP
[18:55:01] [INFO] Connections: 1 / 150
[18:55:01] [INFO] --- MongoDB Health ---
[18:55:01] [INFO] Service: UP
[18:55:01] [INFO] Active Connections: 4
[18:55:01] [INFO] Database 'appdb' Data Size: 0MB
[19:00:01] [INFO] System Disk Usage: 43%
[19:00:01] [INFO] --- PostgreSQL Health ---
[19:00:01] [INFO] Service: UP
[19:00:02] [INFO] Connections: 6 / 100
[19:00:02] [INFO] Database 'testdb' Size: 7679 kB
[19:00:02] [INFO] --- MySQL Health ---
[19:00:02] [INFO] Service: UP
[19:00:02] [INFO] Connections: 1 / 150
[19:00:02] [INFO] --- MongoDB Health ---
[19:00:02] [INFO] Service: UP
[19:00:02] [INFO] Active Connections: 4
[19:00:02] [INFO] Database 'appdb' Data Size: 0MB
[19:05:01] [INFO] System Disk Usage: 43%
[19:05:01] [INFO] --- PostgreSQL Health ---
[19:05:01] [INFO] Service: UP
[19:05:02] [INFO] Connections: 6 / 100
[19:05:02] [INFO] Database 'testdb' Size: 7679 kB
[19:05:02] [INFO] --- MySQL Health ---
[19:05:02] [INFO] Service: UP
[19:05:02] [INFO] Connections: 1 / 150
[19:05:02] [INFO] --- MongoDB Health ---
[19:05:02] [INFO] Service: UP
[19:05:02] [INFO] Active Connections: 4
[19:05:02] [INFO] Database 'appdb' Data Size: 0MB
[19:10:01] [INFO] System Disk Usage: 43%
[19:10:01] [INFO] --- PostgreSQL Health ---
[19:10:02] [INFO] Service: UP
[19:10:02] [INFO] Connections: 6 / 100
[19:10:02] [INFO] Database 'testdb' Size: 7679 kB
[19:10:02] [INFO] --- MySQL Health ---
[19:10:02] [INFO] Service: UP
[19:10:02] [INFO] Connections: 1 / 150
[19:10:02] [INFO] --- MongoDB Health ---
[19:10:02] [INFO] Service: UP
[19:10:02] [INFO] Active Connections: 4
[19:10:02] [INFO] Database 'appdb' Data Size: 0MB
[19:15:01] [INFO] System Disk Usage: 43%
[19:15:01] [INFO] --- PostgreSQL Health ---
[19:15:01] [INFO] Service: UP
[19:15:02] [INFO] Connections: 6 / 100
[19:15:02] [INFO] Database 'testdb' Size: 7679 kB
[19:15:02] [INFO] --- MySQL Health ---
[19:15:02] [INFO] Service: UP
[19:15:02] [INFO] Connections: 1 / 150
[19:15:02] [INFO] --- MongoDB Health ---
[19:15:02] [INFO] Service: UP
[19:15:02] [INFO] Active Connections: 4
[19:15:02] [INFO] Database 'appdb' Data Size: 0MB
[19:20:01] [INFO] System Disk Usage: 43%
[19:20:01] [INFO] --- PostgreSQL Health ---
[19:20:01] [INFO] Service: UP
[19:20:02] [INFO] Connections: 6 / 100
[19:20:02] [INFO] Database 'testdb' Size: 7679 kB
[19:20:02] [INFO] --- MySQL Health ---
[19:20:02] [INFO] Service: UP
[19:20:02] [INFO] Connections: 1 / 150
[19:20:02] [INFO] --- MongoDB Health ---
[19:20:02] [INFO] Service: UP
[19:20:02] [INFO] Active Connections: 4
[19:20:02] [INFO] Database 'appdb' Data Size: 0MB
